[ERROR] [11:27:21] com.opensymphony.xwork2.interceptor.ParametersInterceptor - Developer Notification (set struts.devMode to false to disable this message):
Unexpected Exception caught setting '_search' on 'class com.lj.app.cardmanage.plan.web.PlanAction: Error setting expression '_search' with value ['false', ]
[ERROR] [11:27:21] com.opensymphony.xwork2.interceptor.ParametersInterceptor - Developer Notification (set struts.devMode to false to disable this message):
Unexpected Exception caught setting 'nd' on 'class com.lj.app.cardmanage.plan.web.PlanAction: Error setting expression 'nd' with value ['1442028441131', ]
[ERROR] [11:27:21] com.opensymphony.xwork2.interceptor.ParametersInterceptor - Developer Notification (set struts.devMode to false to disable this message):
Unexpected Exception caught setting 'sidx' on 'class com.lj.app.cardmanage.plan.web.PlanAction: Error setting expression 'sidx' with value ['id', ]
[ERROR] [11:27:21] com.opensymphony.xwork2.interceptor.ParametersInterceptor - Developer Notification (set struts.devMode to false to disable this message):
Unexpected Exception caught setting 'sord' on 'class com.lj.app.cardmanage.plan.web.PlanAction: Error setting expression 'sord' with value ['desc', ]
[ERROR] [11:27:21] com.opensymphony.xwork2.interceptor.ParametersInterceptor - Developer Notification (set struts.devMode to false to disable this message):
Unexpected Exception caught setting '_search' on 'class com.lj.app.cardmanage.plan.web.PlanAction: Error setting expression '_search' with value ['false', ]
[ERROR] [11:27:21] com.opensymphony.xwork2.interceptor.ParametersInterceptor - Developer Notification (set struts.devMode to false to disable this message):
Unexpected Exception caught setting 'nd' on 'class com.lj.app.cardmanage.plan.web.PlanAction: Error setting expression 'nd' with value ['1442028441131', ]
[ERROR] [11:27:21] com.opensymphony.xwork2.interceptor.ParametersInterceptor - Developer Notification (set struts.devMode to false to disable this message):
Unexpected Exception caught setting 'sidx' on 'class com.lj.app.cardmanage.plan.web.PlanAction: Error setting expression 'sidx' with value ['id', ]
[ERROR] [11:27:21] com.opensymphony.xwork2.interceptor.ParametersInterceptor - Developer Notification (set struts.devMode to false to disable this message):
Unexpected Exception caught setting 'sord' on 'class com.lj.app.cardmanage.plan.web.PlanAction: Error setting expression 'sord' with value ['desc', ]
[ERROR] [11:27:24] com.opensymphony.xwork2.interceptor.ParametersInterceptor - Developer Notification (set struts.devMode to false to disable this message):
Unexpected Exception caught setting '_search' on 'class com.lj.app.cardmanage.user.web.UserAction: Error setting expression '_search' with value ['false', ]
[ERROR] [11:27:24] com.opensymphony.xwork2.interceptor.ParametersInterceptor - Developer Notification (set struts.devMode to false to disable this message):
Unexpected Exception caught setting 'nd' on 'class com.lj.app.cardmanage.user.web.UserAction: Error setting expression 'nd' with value ['1442028444065', ]
[ERROR] [11:27:24] com.opensymphony.xwork2.interceptor.ParametersInterceptor - Developer Notification (set struts.devMode to false to disable this message):
Unexpected Exception caught setting 'sidx' on 'class com.lj.app.cardmanage.user.web.UserAction: Error setting expression 'sidx' with value ['loginNo', ]
[ERROR] [11:27:24] com.opensymphony.xwork2.interceptor.ParametersInterceptor - Developer Notification (set struts.devMode to false to disable this message):
Unexpected Exception caught setting 'sord' on 'class com.lj.app.cardmanage.user.web.UserAction: Error setting expression 'sord' with value ['asc', ]
[ERROR] [11:27:24] com.opensymphony.xwork2.interceptor.ParametersInterceptor - Developer Notification (set struts.devMode to false to disable this message):
Unexpected Exception caught setting '_search' on 'class com.lj.app.cardmanage.user.web.UserAction: Error setting expression '_search' with value ['false', ]
[ERROR] [11:27:24] com.opensymphony.xwork2.interceptor.ParametersInterceptor - Developer Notification (set struts.devMode to false to disable this message):
Unexpected Exception caught setting 'nd' on 'class com.lj.app.cardmanage.user.web.UserAction: Error setting expression 'nd' with value ['1442028444065', ]
[ERROR] [11:27:24] com.opensymphony.xwork2.interceptor.ParametersInterceptor - Developer Notification (set struts.devMode to false to disable this message):
Unexpected Exception caught setting 'sidx' on 'class com.lj.app.cardmanage.user.web.UserAction: Error setting expression 'sidx' with value ['loginNo', ]
[ERROR] [11:27:24] com.opensymphony.xwork2.interceptor.ParametersInterceptor - Developer Notification (set struts.devMode to false to disable this message):
Unexpected Exception caught setting 'sord' on 'class com.lj.app.cardmanage.user.web.UserAction: Error setting expression 'sord' with value ['asc', ]
[ERROR] [11:28:20] com.opensymphony.xwork2.interceptor.ParametersInterceptor - Developer Notification (set struts.devMode to false to disable this message):
Unexpected Exception caught setting '_search' on 'class com.lj.app.cardmanage.user.web.UserAction: Error setting expression '_search' with value ['false', ]
[ERROR] [11:28:20] com.opensymphony.xwork2.interceptor.ParametersInterceptor - Developer Notification (set struts.devMode to false to disable this message):
Unexpected Exception caught setting 'nd' on 'class com.lj.app.cardmanage.user.web.UserAction: Error setting expression 'nd' with value ['1442028500761', ]
[ERROR] [11:28:20] com.opensymphony.xwork2.interceptor.ParametersInterceptor - Developer Notification (set struts.devMode to false to disable this message):
Unexpected Exception caught setting 'sidx' on 'class com.lj.app.cardmanage.user.web.UserAction: Error setting expression 'sidx' with value ['loginNo', ]
[ERROR] [11:28:20] com.opensymphony.xwork2.interceptor.ParametersInterceptor - Developer Notification (set struts.devMode to false to disable this message):
Unexpected Exception caught setting 'sord' on 'class com.lj.app.cardmanage.user.web.UserAction: Error setting expression 'sord' with value ['asc', ]
[ERROR] [11:28:20] com.opensymphony.xwork2.interceptor.ParametersInterceptor - Developer Notification (set struts.devMode to false to disable this message):
Unexpected Exception caught setting '_search' on 'class com.lj.app.cardmanage.user.web.UserAction: Error setting expression '_search' with value ['false', ]
[ERROR] [11:28:20] com.opensymphony.xwork2.interceptor.ParametersInterceptor - Developer Notification (set struts.devMode to false to disable this message):
Unexpected Exception caught setting 'nd' on 'class com.lj.app.cardmanage.user.web.UserAction: Error setting expression 'nd' with value ['1442028500761', ]
[ERROR] [11:28:20] com.opensymphony.xwork2.interceptor.ParametersInterceptor - Developer Notification (set struts.devMode to false to disable this message):
Unexpected Exception caught setting 'sidx' on 'class com.lj.app.cardmanage.user.web.UserAction: Error setting expression 'sidx' with value ['loginNo', ]
[ERROR] [11:28:20] com.opensymphony.xwork2.interceptor.ParametersInterceptor - Developer Notification (set struts.devMode to false to disable this message):
Unexpected Exception caught setting 'sord' on 'class com.lj.app.cardmanage.user.web.UserAction: Error setting expression 'sord' with value ['asc', ]
[ERROR] [11:29:48] com.opensymphony.xwork2.interceptor.ParametersInterceptor - Developer Notification (set struts.devMode to false to disable this message):
Unexpected Exception caught setting '_search' on 'class com.lj.app.cardmanage.user.web.UserAction: Error setting expression '_search' with value ['false', ]
[ERROR] [11:29:48] com.opensymphony.xwork2.interceptor.ParametersInterceptor - Developer Notification (set struts.devMode to false to disable this message):
Unexpected Exception caught setting 'nd' on 'class com.lj.app.cardmanage.user.web.UserAction: Error setting expression 'nd' with value ['1442028588715', ]
[ERROR] [11:29:48] com.opensymphony.xwork2.interceptor.ParametersInterceptor - Developer Notification (set struts.devMode to false to disable this message):
Unexpected Exception caught setting 'sidx' on 'class com.lj.app.cardmanage.user.web.UserAction: Error setting expression 'sidx' with value ['loginNo', ]
[ERROR] [11:29:48] com.opensymphony.xwork2.interceptor.ParametersInterceptor - Developer Notification (set struts.devMode to false to disable this message):
Unexpected Exception caught setting 'sord' on 'class com.lj.app.cardmanage.user.web.UserAction: Error setting expression 'sord' with value ['asc', ]
[ERROR] [11:29:48] com.opensymphony.xwork2.interceptor.ParametersInterceptor - Developer Notification (set struts.devMode to false to disable this message):
Unexpected Exception caught setting '_search' on 'class com.lj.app.cardmanage.user.web.UserAction: Error setting expression '_search' with value ['false', ]
[ERROR] [11:29:48] com.opensymphony.xwork2.interceptor.ParametersInterceptor - Developer Notification (set struts.devMode to false to disable this message):
Unexpected Exception caught setting 'nd' on 'class com.lj.app.cardmanage.user.web.UserAction: Error setting expression 'nd' with value ['1442028588715', ]
[ERROR] [11:29:48] com.opensymphony.xwork2.interceptor.ParametersInterceptor - Developer Notification (set struts.devMode to false to disable this message):
Unexpected Exception caught setting 'sidx' on 'class com.lj.app.cardmanage.user.web.UserAction: Error setting expression 'sidx' with value ['loginNo', ]
[ERROR] [11:29:48] com.opensymphony.xwork2.interceptor.ParametersInterceptor - Developer Notification (set struts.devMode to false to disable this message):
Unexpected Exception caught setting 'sord' on 'class com.lj.app.cardmanage.user.web.UserAction: Error setting expression 'sord' with value ['asc', ]
[ERROR] [11:30:44] com.opensymphony.xwork2.interceptor.ParametersInterceptor - Developer Notification (set struts.devMode to false to disable this message):
Unexpected Exception caught setting '_search' on 'class com.lj.app.cardmanage.plan.web.PlanAction: Error setting expression '_search' with value ['false', ]
[ERROR] [11:30:44] com.opensymphony.xwork2.interceptor.ParametersInterceptor - Developer Notification (set struts.devMode to false to disable this message):
Unexpected Exception caught setting 'nd' on 'class com.lj.app.cardmanage.plan.web.PlanAction: Error setting expression 'nd' with value ['1442028644842', ]
[ERROR] [11:30:44] com.opensymphony.xwork2.interceptor.ParametersInterceptor - Developer Notification (set struts.devMode to false to disable this message):
Unexpected Exception caught setting 'sidx' on 'class com.lj.app.cardmanage.plan.web.PlanAction: Error setting expression 'sidx' with value ['id', ]
[ERROR] [11:30:44] com.opensymphony.xwork2.interceptor.ParametersInterceptor - Developer Notification (set struts.devMode to false to disable this message):
Unexpected Exception caught setting 'sord' on 'class com.lj.app.cardmanage.plan.web.PlanAction: Error setting expression 'sord' with value ['desc', ]
[ERROR] [11:30:45] com.opensymphony.xwork2.interceptor.ParametersInterceptor - Developer Notification (set struts.devMode to false to disable this message):
Unexpected Exception caught setting '_search' on 'class com.lj.app.cardmanage.plan.web.PlanAction: Error setting expression '_search' with value ['false', ]
[ERROR] [11:30:45] com.opensymphony.xwork2.interceptor.ParametersInterceptor - Developer Notification (set struts.devMode to false to disable this message):
Unexpected Exception caught setting 'nd' on 'class com.lj.app.cardmanage.plan.web.PlanAction: Error setting expression 'nd' with value ['1442028644842', ]
[ERROR] [11:30:45] com.opensymphony.xwork2.interceptor.ParametersInterceptor - Developer Notification (set struts.devMode to false to disable this message):
Unexpected Exception caught setting 'sidx' on 'class com.lj.app.cardmanage.plan.web.PlanAction: Error setting expression 'sidx' with value ['id', ]
[ERROR] [11:30:45] com.opensymphony.xwork2.interceptor.ParametersInterceptor - Developer Notification (set struts.devMode to false to disable this message):
Unexpected Exception caught setting 'sord' on 'class com.lj.app.cardmanage.plan.web.PlanAction: Error setting expression 'sord' with value ['desc', ]
[ERROR] [11:31:10] com.opensymphony.xwork2.interceptor.ParametersInterceptor - Developer Notification (set struts.devMode to false to disable this message):
Unexpected Exception caught setting '_search' on 'class com.lj.app.cardmanage.user.web.UserAction: Error setting expression '_search' with value ['false', ]
[ERROR] [11:31:10] com.opensymphony.xwork2.interceptor.ParametersInterceptor - Developer Notification (set struts.devMode to false to disable this message):
Unexpected Exception caught setting 'nd' on 'class com.lj.app.cardmanage.user.web.UserAction: Error setting expression 'nd' with value ['1442028670541', ]
[ERROR] [11:31:10] com.opensymphony.xwork2.interceptor.ParametersInterceptor - Developer Notification (set struts.devMode to false to disable this message):
Unexpected Exception caught setting 'sidx' on 'class com.lj.app.cardmanage.user.web.UserAction: Error setting expression 'sidx' with value ['loginNo', ]
[ERROR] [11:31:10] com.opensymphony.xwork2.interceptor.ParametersInterceptor - Developer Notification (set struts.devMode to false to disable this message):
Unexpected Exception caught setting 'sord' on 'class com.lj.app.cardmanage.user.web.UserAction: Error setting expression 'sord' with value ['asc', ]
[ERROR] [11:31:10] com.opensymphony.xwork2.interceptor.ParametersInterceptor - Developer Notification (set struts.devMode to false to disable this message):
Unexpected Exception caught setting '_search' on 'class com.lj.app.cardmanage.user.web.UserAction: Error setting expression '_search' with value ['false', ]
[ERROR] [11:31:10] com.opensymphony.xwork2.interceptor.ParametersInterceptor - Developer Notification (set struts.devMode to false to disable this message):
Unexpected Exception caught setting 'nd' on 'class com.lj.app.cardmanage.user.web.UserAction: Error setting expression 'nd' with value ['1442028670541', ]
[ERROR] [11:31:10] com.opensymphony.xwork2.interceptor.ParametersInterceptor - Developer Notification (set struts.devMode to false to disable this message):
Unexpected Exception caught setting 'sidx' on 'class com.lj.app.cardmanage.user.web.UserAction: Error setting expression 'sidx' with value ['loginNo', ]
[ERROR] [11:31:10] com.opensymphony.xwork2.interceptor.ParametersInterceptor - Developer Notification (set struts.devMode to false to disable this message):
Unexpected Exception caught setting 'sord' on 'class com.lj.app.cardmanage.user.web.UserAction: Error setting expression 'sord' with value ['asc', ]
[ERROR] [11:34:42] com.opensymphony.xwork2.interceptor.ParametersInterceptor - Developer Notification (set struts.devMode to false to disable this message):
Unexpected Exception caught setting '_search' on 'class com.lj.app.cardmanage.user.web.UserAction: Error setting expression '_search' with value ['false', ]
[ERROR] [11:34:42] com.opensymphony.xwork2.interceptor.ParametersInterceptor - Developer Notification (set struts.devMode to false to disable this message):
Unexpected Exception caught setting 'nd' on 'class com.lj.app.cardmanage.user.web.UserAction: Error setting expression 'nd' with value ['1442028882003', ]
[ERROR] [11:34:42] com.opensymphony.xwork2.interceptor.ParametersInterceptor - Developer Notification (set struts.devMode to false to disable this message):
Unexpected Exception caught setting 'sidx' on 'class com.lj.app.cardmanage.user.web.UserAction: Error setting expression 'sidx' with value ['loginNo', ]
[ERROR] [11:34:42] com.opensymphony.xwork2.interceptor.ParametersInterceptor - Developer Notification (set struts.devMode to false to disable this message):
Unexpected Exception caught setting 'sord' on 'class com.lj.app.cardmanage.user.web.UserAction: Error setting expression 'sord' with value ['asc', ]
[ERROR] [11:34:42] com.opensymphony.xwork2.interceptor.ParametersInterceptor - Developer Notification (set struts.devMode to false to disable this message):
Unexpected Exception caught setting '_search' on 'class com.lj.app.cardmanage.user.web.UserAction: Error setting expression '_search' with value ['false', ]
[ERROR] [11:34:42] com.opensymphony.xwork2.interceptor.ParametersInterceptor - Developer Notification (set struts.devMode to false to disable this message):
Unexpected Exception caught setting 'nd' on 'class com.lj.app.cardmanage.user.web.UserAction: Error setting expression 'nd' with value ['1442028882003', ]
[ERROR] [11:34:42] com.opensymphony.xwork2.interceptor.ParametersInterceptor - Developer Notification (set struts.devMode to false to disable this message):
Unexpected Exception caught setting 'sidx' on 'class com.lj.app.cardmanage.user.web.UserAction: Error setting expression 'sidx' with value ['loginNo', ]
[ERROR] [11:34:42] com.opensymphony.xwork2.interceptor.ParametersInterceptor - Developer Notification (set struts.devMode to false to disable this message):
Unexpected Exception caught setting 'sord' on 'class com.lj.app.cardmanage.user.web.UserAction: Error setting expression 'sord' with value ['asc', ]
[ERROR] [11:34:57] com.opensymphony.xwork2.interceptor.ParametersInterceptor - Developer Notification (set struts.devMode to false to disable this message):
Unexpected Exception caught setting '_search' on 'class com.lj.app.cardmanage.user.web.UserAction: Error setting expression '_search' with value ['false', ]
[ERROR] [11:34:57] com.opensymphony.xwork2.interceptor.ParametersInterceptor - Developer Notification (set struts.devMode to false to disable this message):
Unexpected Exception caught setting 'nd' on 'class com.lj.app.cardmanage.user.web.UserAction: Error setting expression 'nd' with value ['1442028897729', ]
[ERROR] [11:34:57] com.opensymphony.xwork2.interceptor.ParametersInterceptor - Developer Notification (set struts.devMode to false to disable this message):
Unexpected Exception caught setting 'sidx' on 'class com.lj.app.cardmanage.user.web.UserAction: Error setting expression 'sidx' with value ['loginNo', ]
[ERROR] [11:34:57] com.opensymphony.xwork2.interceptor.ParametersInterceptor - Developer Notification (set struts.devMode to false to disable this message):
Unexpected Exception caught setting 'sord' on 'class com.lj.app.cardmanage.user.web.UserAction: Error setting expression 'sord' with value ['asc', ]
[ERROR] [11:34:57] com.opensymphony.xwork2.interceptor.ParametersInterceptor - Developer Notification (set struts.devMode to false to disable this message):
Unexpected Exception caught setting '_search' on 'class com.lj.app.cardmanage.user.web.UserAction: Error setting expression '_search' with value ['false', ]
[ERROR] [11:34:57] com.opensymphony.xwork2.interceptor.ParametersInterceptor - Developer Notification (set struts.devMode to false to disable this message):
Unexpected Exception caught setting 'nd' on 'class com.lj.app.cardmanage.user.web.UserAction: Error setting expression 'nd' with value ['1442028897729', ]
[ERROR] [11:34:57] com.opensymphony.xwork2.interceptor.ParametersInterceptor - Developer Notification (set struts.devMode to false to disable this message):
Unexpected Exception caught setting 'sidx' on 'class com.lj.app.cardmanage.user.web.UserAction: Error setting expression 'sidx' with value ['loginNo', ]
[ERROR] [11:34:57] com.opensymphony.xwork2.interceptor.ParametersInterceptor - Developer Notification (set struts.devMode to false to disable this message):
Unexpected Exception caught setting 'sord' on 'class com.lj.app.cardmanage.user.web.UserAction: Error setting expression 'sord' with value ['asc', ]
[ERROR] [11:35:16] com.opensymphony.xwork2.interceptor.ParametersInterceptor - Developer Notification (set struts.devMode to false to disable this message):
Unexpected Exception caught setting '_search' on 'class com.lj.app.cardmanage.user.web.UserAction: Error setting expression '_search' with value ['false', ]
[ERROR] [11:35:16] com.opensymphony.xwork2.interceptor.ParametersInterceptor - Developer Notification (set struts.devMode to false to disable this message):
Unexpected Exception caught setting 'nd' on 'class com.lj.app.cardmanage.user.web.UserAction: Error setting expression 'nd' with value ['1442028916504', ]
[ERROR] [11:35:16] com.opensymphony.xwork2.interceptor.ParametersInterceptor - Developer Notification (set struts.devMode to false to disable this message):
Unexpected Exception caught setting 'sidx' on 'class com.lj.app.cardmanage.user.web.UserAction: Error setting expression 'sidx' with value ['loginNo', ]
[ERROR] [11:35:16] com.opensymphony.xwork2.interceptor.ParametersInterceptor - Developer Notification (set struts.devMode to false to disable this message):
Unexpected Exception caught setting 'sord' on 'class com.lj.app.cardmanage.user.web.UserAction: Error setting expression 'sord' with value ['asc', ]
[ERROR] [11:35:16] com.opensymphony.xwork2.interceptor.ParametersInterceptor - Developer Notification (set struts.devMode to false to disable this message):
Unexpected Exception caught setting '_search' on 'class com.lj.app.cardmanage.user.web.UserAction: Error setting expression '_search' with value ['false', ]
[ERROR] [11:35:16] com.opensymphony.xwork2.interceptor.ParametersInterceptor - Developer Notification (set struts.devMode to false to disable this message):
Unexpected Exception caught setting 'nd' on 'class com.lj.app.cardmanage.user.web.UserAction: Error setting expression 'nd' with value ['1442028916504', ]
[ERROR] [11:35:16] com.opensymphony.xwork2.interceptor.ParametersInterceptor - Developer Notification (set struts.devMode to false to disable this message):
Unexpected Exception caught setting 'sidx' on 'class com.lj.app.cardmanage.user.web.UserAction: Error setting expression 'sidx' with value ['loginNo', ]
[ERROR] [11:35:16] com.opensymphony.xwork2.interceptor.ParametersInterceptor - Developer Notification (set struts.devMode to false to disable this message):
Unexpected Exception caught setting 'sord' on 'class com.lj.app.cardmanage.user.web.UserAction: Error setting expression 'sord' with value ['asc', ]
